<?xml version="1.0" encoding="UTF-8"?>
<!-- Generated by org.testng.reporters.JUnitXMLReporter -->
<testsuite ignored="7" hostname="Anaya" failures="0" tests="1" name="Default test" time="14.224" errors="0" timestamp="2026-04-19T23:25:26 BST">
  <testcase classname="tests.HousingTests" name="selectPriceHighToLowTest" time="5.775"/>
  <testcase classname="tests.HousingTests" name="selectPriceLowToHighTest" time="0.0">
    <ignored/>
  </testcase> <!-- selectPriceLowToHighTest -->
  <testcase classname="tests.HousingTests" name="selectUpcomingtTest" time="0.0">
    <ignored/>
  </testcase> <!-- selectUpcomingtTest -->
  <testcase classname="tests.HousingTests" name="AfterUsingSearchSortingPossibilities" time="0.0">
    <ignored/>
  </testcase> <!-- AfterUsingSearchSortingPossibilities -->
  <testcase classname="tests.HousingTests" name="ByDefaultSortingPossibilities" time="0.0">
    <ignored/>
  </testcase> <!-- ByDefaultSortingPossibilities -->
  <testcase classname="tests.HousingTests" name="selectNewestTest" time="0.0">
    <ignored/>
  </testcase> <!-- selectNewestTest -->
  <testcase classname="tests.HousingTests" name="selectRelevancetTest" time="0.0">
    <ignored/>
  </testcase> <!-- selectRelevancetTest -->
  <testcase classname="tests.HousingTests" name="SortingPrice" time="0.0">
    <ignored/>
  </testcase> <!-- SortingPrice -->
</testsuite> <!-- Default test -->
