<?xml version="1.0" encoding="UTF-8"?>
<!-- Generated by org.testng.reporters.JUnitXMLReporter -->
<testsuite ignored="0" hostname="Anaya" failures="0" tests="8" name="Test" time="95.632" errors="0" timestamp="2026-04-18T10:33:51 BST">
  <testcase classname="tests.HousingTests" name="AfterUsingSearchSortingPossibilities" time="12.839"/>
  <testcase classname="tests.HousingTests" name="ByDefaultSortingPossibilities" time="10.417"/>
  <testcase classname="tests.HousingTests" name="SortingPrice" time="8.966"/>
  <testcase classname="tests.HousingTests" name="selectNewestTest" time="9.83"/>
  <testcase classname="tests.HousingTests" name="selectPriceHighToLowTest" time="7.828"/>
  <testcase classname="tests.HousingTests" name="selectPriceLowToHighTest" time="11.026"/>
  <testcase classname="tests.HousingTests" name="selectRelevancetTest" time="10.346"/>
  <testcase classname="tests.HousingTests" name="selectUpcomingtTest" time="8.759"/>
</testsuite> <!-- Test -->
