<?xml version="1.0" encoding="UTF-8"?>
<!-- Generated by org.testng.reporters.JUnitXMLReporter -->
<testsuite ignored="0" hostname="Anaya" failures="0" tests="8" name="HousingTestAssignment" time="50.26" errors="0" timestamp="2026-04-19T23:34:34 BST">
  <testcase classname="tests.HousingTests" name="AfterUsingSearchSortingPossibilities" time="7.135"/>
  <testcase classname="tests.HousingTests" name="ByDefaultSortingPossibilities" time="5.317"/>
  <testcase classname="tests.HousingTests" name="SortingPrice" time="5.287"/>
  <testcase classname="tests.HousingTests" name="selectNewestTest" time="5.057"/>
  <testcase classname="tests.HousingTests" name="selectPriceHighToLowTest" time="4.738"/>
  <testcase classname="tests.HousingTests" name="selectPriceLowToHighTest" time="5.289"/>
  <testcase classname="tests.HousingTests" name="selectRelevancetTest" time="6.208"/>
  <testcase classname="tests.HousingTests" name="selectUpcomingtTest" time="5.24"/>
</testsuite> <!-- HousingTestAssignment -->
