<?xml version="1.0" encoding="UTF-8"?>
<testng-results ignored="0" total="8" passed="8" failed="0" skipped="0">
  <reporter-output>
  </reporter-output>
  <suite started-at="2026-04-18T10:32:15 BST" name="SmokeTesting" finished-at="2026-04-18T10:33:51 BST" duration-ms="95632">
    <groups>
    </groups>
    <test started-at="2026-04-18T10:32:15 BST" name="Test" finished-at="2026-04-18T10:33:51 BST" duration-ms="95632">
      <class name="tests.HousingTests">
        <test-method is-config="true" signature="setup()[pri:0, instance:tests.HousingTests@3e78b6a5]" started-at="2026-04-18T10:32:15 BST" name="setup" finished-at="2026-04-18T10:32:24 BST" duration-ms="9365" status="PASS">
          <reporter-output>
          </reporter-output>
        </test-method> <!-- setup -->
        <test-method is-config="true" signature="createPage()[pri:0, instance:tests.HousingTests@3e78b6a5]" started-at="2026-04-18T10:32:24 BST" name="createPage" finished-at="2026-04-18T10:32:26 BST" duration-ms="1183" status="PASS">
          <reporter-output>
          </reporter-output>
        </test-method> <!-- createPage -->
        <test-method signature="AfterUsingSearchSortingPossibilities()[pri:0, instance:tests.HousingTests@3e78b6a5]" started-at="2026-04-18T10:32:26 BST" name="AfterUsingSearchSortingPossibilities" finished-at="2026-04-18T10:32:39 BST" duration-ms="12839" status="PASS">
          <reporter-output>
          </reporter-output>
        </test-method> <!-- AfterUsingSearchSortingPossibilities -->
        <test-method is-config="true" signature="createPage()[pri:0, instance:tests.HousingTests@3e78b6a5]" started-at="2026-04-18T10:32:39 BST" name="createPage" finished-at="2026-04-18T10:32:39 BST" duration-ms="535" status="PASS">
          <reporter-output>
          </reporter-output>
        </test-method> <!-- createPage -->
        <test-method signature="ByDefaultSortingPossibilities()[pri:0, instance:tests.HousingTests@3e78b6a5]" started-at="2026-04-18T10:32:39 BST" name="ByDefaultSortingPossibilities" finished-at="2026-04-18T10:32:50 BST" duration-ms="10417" status="PASS">
          <reporter-output>
          </reporter-output>
        </test-method> <!-- ByDefaultSortingPossibilities -->
        <test-method is-config="true" signature="createPage()[pri:0, instance:tests.HousingTests@3e78b6a5]" started-at="2026-04-18T10:32:50 BST" name="createPage" finished-at="2026-04-18T10:32:50 BST" duration-ms="494" status="PASS">
          <reporter-output>
          </reporter-output>
        </test-method> <!-- createPage -->
        <test-method signature="SortingPrice()[pri:0, instance:tests.HousingTests@3e78b6a5]" started-at="2026-04-18T10:32:50 BST" name="SortingPrice" finished-at="2026-04-18T10:32:59 BST" duration-ms="8966" status="PASS">
          <reporter-output>
          </reporter-output>
        </test-method> <!-- SortingPrice -->
        <test-method is-config="true" signature="createPage()[pri:0, instance:tests.HousingTests@3e78b6a5]" started-at="2026-04-18T10:32:59 BST" name="createPage" finished-at="2026-04-18T10:32:59 BST" duration-ms="482" status="PASS">
          <reporter-output>
          </reporter-output>
        </test-method> <!-- createPage -->
        <test-method signature="selectNewestTest()[pri:0, instance:tests.HousingTests@3e78b6a5]" started-at="2026-04-18T10:32:59 BST" name="selectNewestTest" finished-at="2026-04-18T10:33:09 BST" duration-ms="9830" status="PASS">
          <reporter-output>
          </reporter-output>
        </test-method> <!-- selectNewestTest -->
        <test-method is-config="true" signature="createPage()[pri:0, instance:tests.HousingTests@3e78b6a5]" started-at="2026-04-18T10:33:09 BST" name="createPage" finished-at="2026-04-18T10:33:10 BST" duration-ms="497" status="PASS">
          <reporter-output>
          </reporter-output>
        </test-method> <!-- createPage -->
        <test-method signature="selectPriceHighToLowTest()[pri:0, instance:tests.HousingTests@3e78b6a5]" started-at="2026-04-18T10:33:10 BST" name="selectPriceHighToLowTest" finished-at="2026-04-18T10:33:18 BST" duration-ms="7828" status="PASS">
          <reporter-output>
          </reporter-output>
        </test-method> <!-- selectPriceHighToLowTest -->
        <test-method is-config="true" signature="createPage()[pri:0, instance:tests.HousingTests@3e78b6a5]" started-at="2026-04-18T10:33:18 BST" name="createPage" finished-at="2026-04-18T10:33:18 BST" duration-ms="509" status="PASS">
          <reporter-output>
          </reporter-output>
        </test-method> <!-- createPage -->
        <test-method signature="selectPriceLowToHighTest()[pri:0, instance:tests.HousingTests@3e78b6a5]" started-at="2026-04-18T10:33:18 BST" name="selectPriceLowToHighTest" finished-at="2026-04-18T10:33:29 BST" duration-ms="11026" status="PASS">
          <reporter-output>
          </reporter-output>
        </test-method> <!-- selectPriceLowToHighTest -->
        <test-method is-config="true" signature="createPage()[pri:0, instance:tests.HousingTests@3e78b6a5]" started-at="2026-04-18T10:33:29 BST" name="createPage" finished-at="2026-04-18T10:33:30 BST" duration-ms="518" status="PASS">
          <reporter-output>
          </reporter-output>
        </test-method> <!-- createPage -->
        <test-method signature="selectRelevancetTest()[pri:0, instance:tests.HousingTests@3e78b6a5]" started-at="2026-04-18T10:33:30 BST" name="selectRelevancetTest" finished-at="2026-04-18T10:33:40 BST" duration-ms="10346" status="PASS">
          <reporter-output>
          </reporter-output>
        </test-method> <!-- selectRelevancetTest -->
        <test-method is-config="true" signature="createPage()[pri:0, instance:tests.HousingTests@3e78b6a5]" started-at="2026-04-18T10:33:40 BST" name="createPage" finished-at="2026-04-18T10:33:41 BST" duration-ms="544" status="PASS">
          <reporter-output>
          </reporter-output>
        </test-method> <!-- createPage -->
        <test-method signature="selectUpcomingtTest()[pri:0, instance:tests.HousingTests@3e78b6a5]" started-at="2026-04-18T10:33:41 BST" name="selectUpcomingtTest" finished-at="2026-04-18T10:33:49 BST" duration-ms="8759" status="PASS">
          <reporter-output>
          </reporter-output>
        </test-method> <!-- selectUpcomingtTest -->
        <test-method is-config="true" signature="tearDown()[pri:0, instance:tests.HousingTests@3e78b6a5]" started-at="2026-04-18T10:33:49 BST" name="tearDown" finished-at="2026-04-18T10:33:51 BST" duration-ms="1199" status="PASS">
          <reporter-output>
          </reporter-output>
        </test-method> <!-- tearDown -->
      </class> <!-- tests.HousingTests -->
    </test> <!-- Test -->
  </suite> <!-- SmokeTesting -->
</testng-results>
