<?xml version="1.0" encoding="UTF-8"?>
<!-- Generated by org.testng.reporters.JUnitReportReporter -->
<testsuite hostname="Anaya" failures="0" tests="9" name="com.example.tests.FirstTest" time="0.516" errors="0" timestamp="2026-03-31T22:21:44 BST" skipped="0">
  <testcase classname="com.example.tests.FirstTest" name="verifyGoogleTitle" time="0.503"/>
  <testcase classname="com.example.tests.FirstTest" name="testAddition" time="0.008"/>
  <testcase classname="com.example.tests.FirstTest" name="verifyAddition" time="0.001"/>
  <testcase classname="com.example.tests.FirstTest" name="testModulo1" time="0.001"/>
  <testcase classname="com.example.tests.FirstTest" name="testMultiplication" time="0.000"/>
  <testcase classname="com.example.tests.FirstTest" name="testMultiplication1" time="0.000"/>
  <testcase classname="com.example.tests.FirstTest" name="testSubtraction" time="0.002"/>
  <testcase classname="com.example.tests.FirstTest" name="testDivision" time="0.000"/>
  <testcase classname="com.example.tests.FirstTest" name="testModulo" time="0.001"/>
</testsuite> <!-- com.example.tests.FirstTest -->
