<?xml version="1.0" encoding="UTF-8"?>
<!-- Generated by org.testng.reporters.JUnitReportReporter -->
<testsuite hostname="Anaya" failures="0" tests="2" name="day1RestAssuredPractice.WaystoCreatePostRequestBody" time="2.517" errors="0" timestamp="2026-04-15T21:04:55 BST" skipped="0">
  <testcase classname="day1RestAssuredPractice.WaystoCreatePostRequestBody" name="testpostusingExternalJSONFile" time="2.120"/>
  <testcase classname="day1RestAssuredPractice.WaystoCreatePostRequestBody" name="testpostusingPOJO" time="0.397"/>
</testsuite> <!-- day1RestAssuredPractice.WaystoCreatePostRequestBody -->
