<?xml version="1.0" encoding="UTF-8"?>
<!-- Generated by org.testng.reporters.JUnitReportReporter -->
<testsuite hostname="Anaya" failures="0" tests="8" name="tests.HousingTests" time="45.306" errors="0" timestamp="2026-04-19T23:34:34 BST" skipped="0">
  <testcase classname="tests.HousingTests" name="selectRelevancetTest" time="6.326"/>
  <testcase classname="tests.HousingTests" name="SortingPrice" time="5.397"/>
  <testcase classname="tests.HousingTests" name="selectPriceHighToLowTest" time="4.851"/>
  <testcase classname="tests.HousingTests" name="selectPriceLowToHighTest" time="5.407"/>
  <testcase classname="tests.HousingTests" name="selectUpcomingtTest" time="5.357"/>
  <testcase classname="tests.HousingTests" name="ByDefaultSortingPossibilities" time="5.438"/>
  <testcase classname="tests.HousingTests" name="selectNewestTest" time="5.288"/>
  <testcase classname="tests.HousingTests" name="AfterUsingSearchSortingPossibilities" time="7.242"/>
</testsuite> <!-- tests.HousingTests -->
