<?xml version="1.0" encoding="UTF-8"?>
<!-- Generated by org.testng.reporters.JUnitReportReporter -->
<testsuite hostname="Anaya" failures="0" tests="8" name="tests.HousingTests" time="84.773" errors="0" timestamp="2026-04-18T10:33:51 BST" skipped="0">
  <testcase classname="tests.HousingTests" name="selectRelevancetTest" time="10.828"/>
  <testcase classname="tests.HousingTests" name="SortingPrice" time="9.501"/>
  <testcase classname="tests.HousingTests" name="selectPriceHighToLowTest" time="8.325"/>
  <testcase classname="tests.HousingTests" name="selectPriceLowToHighTest" time="11.570"/>
  <testcase classname="tests.HousingTests" name="selectUpcomingtTest" time="9.253"/>
  <testcase classname="tests.HousingTests" name="ByDefaultSortingPossibilities" time="10.926"/>
  <testcase classname="tests.HousingTests" name="selectNewestTest" time="11.013"/>
  <testcase classname="tests.HousingTests" name="AfterUsingSearchSortingPossibilities" time="13.357"/>
</testsuite> <!-- tests.HousingTests -->
